Hai selamat datang di Fanz bot 👋

—–—–—–—–—–—–—–—–—–—–—–—–—–—–
[ ingfo ] Sekadar infongmngsi aja
skrip nem: Fanz-bot (Multi depis)
Base : AgusXzz
Plugin created: Purrbits
Recode: Adzy-f

—–—–—–—–—–—–—–—–—–—–—–—–—–—–
Cara menjalankan Fanzbot 
$ git clone https://github.com/Adzy-f/Fanz
$ cd Fanz
$ npm i
$ npm start
—–—–—–—–—–—–—–—–—–—–—–—–—–—–

Fanz bot 1.4.8 

—–—–—–—–—–—–—–—–—–—–—–—–—–—–
[+] Fixed yts, dan fitur ai
[+] Mengganti api siput
[i] memperbarui tqto dsn menambahkan fitur listapi
[i] menghapus fitur error 
[i] Beberapa update lainnya 
